[INFO] Scanning for projects...
[INFO] 
[INFO] ----------------------< com.imc:EternalsGardens >-----------------------
[INFO] Building EternalsGardens 0.0.1-SNAPSHOT
[INFO]   from pom.xml
[INFO] --------------------------------[ jar ]---------------------------------
[INFO] 
[INFO] >>> spring-boot:4.0.2:run (default-cli) > test-compile @ EternalsGardens >>>
[INFO] 
[INFO] --- resources:3.3.1:resources (default-resources) @ EternalsGardens ---
[INFO] Copying 1 resource from src\main\resources to target\classes
[INFO] Copying 1 resource from src\main\resources to target\classes
[INFO] 
[INFO] --- compiler:3.14.1:compile (default-compile) @ EternalsGardens ---
[INFO] Nothing to compile - all classes are up to date.
[INFO] 
[INFO] --- resources:3.3.1:testResources (default-testResources) @ EternalsGardens ---
[INFO] skip non existing resourceDirectory C:\Users\Izan\DAW\2DAW\EternalsGardens\eternals-gardens-back\src\test\resources
[INFO] 
[INFO] --- compiler:3.14.1:testCompile (default-testCompile) @ EternalsGardens ---
[INFO] Nothing to compile - all classes are up to date.
[INFO] 
[INFO] <<< spring-boot:4.0.2:run (default-cli) < test-compile @ EternalsGardens <<<
[INFO] 
[INFO] 
[INFO] --- spring-boot:4.0.2:run (default-cli) @ EternalsGardens ---
[INFO] Attaching agents: []

  .   ____          _            __ _ _
 /\\ / ___'_ __ _ _(_)_ __  __ _ \ \ \ \
( ( )\___ | '_ | '_| | '_ \/ _` | \ \ \ \
 \\/  ___)| |_)| | | | | || (_| |  ) ) ) )
  '  |____| .__|_| |_|_| |_\__, | / / / /
 =========|_|==============|___/=/_/_/_/

 :: Spring Boot ::                (v4.0.2)

2026-02-01T20:54:53.317+01:00  INFO 19612 --- [EternalsGardens] [  restartedMain] c.i.E.EternalsGardensApplication         : Starting EternalsGardensApplication using Java 25.0.1 with PID 19612 (C:\Users\Izan\DAW\2DAW\EternalsGardens\eternals-gardens-back\target\classes started by Izan in C:\Users\Izan\DAW\2DAW\EternalsGardens\eternals-gardens-back)
2026-02-01T20:54:53.321+01:00  INFO 19612 --- [EternalsGardens] [  restartedMain] c.i.E.EternalsGardensApplication         : No active profile set, falling back to 1 default profile: "default"
2026-02-01T20:54:53.391+01:00  INFO 19612 --- [EternalsGardens] [  restartedMain] .e.DevToolsPropertyDefaultsPostProcessor : Devtools property defaults active! Set 'spring.devtools.add-properties' to 'false' to disable
2026-02-01T20:54:53.391+01:00  INFO 19612 --- [EternalsGardens] [  restartedMain] .e.DevToolsPropertyDefaultsPostProcessor : For additional web related logging consider setting the 'logging.level.web' property to 'DEBUG'
2026-02-01T20:54:54.380+01:00  INFO 19612 --- [EternalsGardens] [  restartedMain] .s.d.r.c.RepositoryConfigurationDelegate : Bootstrapping Spring Data JPA repositories in DEFAULT mode.
2026-02-01T20:54:54.476+01:00  INFO 19612 --- [EternalsGardens] [  restartedMain] .s.d.r.c.RepositoryConfigurationDelegate : Finished Spring Data repository scanning in 90 ms. Found 14 JPA repository interfaces.
2026-02-01T20:54:55.167+01:00  INFO 19612 --- [EternalsGardens] [  restartedMain] o.s.boot.tomcat.TomcatWebServer          : Tomcat initialized with port 8080 (http)
2026-02-01T20:54:55.179+01:00  INFO 19612 --- [EternalsGardens] [  restartedMain] o.apache.catalina.core.StandardService   : Starting service [Tomcat]
2026-02-01T20:54:55.180+01:00  INFO 19612 --- [EternalsGardens] [  restartedMain] o.apache.catalina.core.StandardEngine    : Starting Servlet engine: [Apache Tomcat/11.0.15]
2026-02-01T20:54:55.220+01:00  INFO 19612 --- [EternalsGardens] [  restartedMain] b.w.c.s.WebApplicationContextInitializer : Root WebApplicationContext: initialization completed in 1829 ms
2026-02-01T20:54:55.378+01:00  INFO 19612 --- [EternalsGardens] [  restartedMain] org.hibernate.orm.jpa                    : HHH008540: Processing PersistenceUnitInfo [name: default]
2026-02-01T20:54:55.432+01:00  INFO 19612 --- [EternalsGardens] [  restartedMain] org.hibernate.orm.core                   : HHH000001: Hibernate ORM core version 7.2.1.Final
2026-02-01T20:54:55.848+01:00  INFO 19612 --- [EternalsGardens] [  restartedMain] o.s.o.j.p.SpringPersistenceUnitInfo      : No LoadTimeWeaver setup: ignoring JPA class transformer
2026-02-01T20:54:55.879+01:00  INFO 19612 --- [EternalsGardens] [  restartedMain] com.zaxxer.hikari.HikariDataSource       : HikariPool-1 - Starting...
2026-02-01T20:54:56.030+01:00  INFO 19612 --- [EternalsGardens] [  restartedMain] com.zaxxer.hikari.pool.HikariPool        : HikariPool-1 - Added connection com.mysql.cj.jdbc.ConnectionImpl@3c0026dc
2026-02-01T20:54:56.032+01:00  INFO 19612 --- [EternalsGardens] [  restartedMain] com.zaxxer.hikari.HikariDataSource       : HikariPool-1 - Start completed.
2026-02-01T20:54:56.080+01:00  WARN 19612 --- [EternalsGardens] [  restartedMain] org.hibernate.orm.deprecation            : HHH90000025: MySQLDialect does not need to be specified explicitly using 'hibernate.dialect' (remove the property setting and it will be selected by default)
2026-02-01T20:54:56.097+01:00  INFO 19612 --- [EternalsGardens] [  restartedMain] org.hibernate.orm.connections.pooling    : HHH10001005: Database info:
	Database JDBC URL [jdbc:mysql://localhost:3306/cementerios_db?useSSL=false&serverTimezone=UTC&allowPublicKeyRetrieval=true]
	Database driver: MySQL Connector/J
	Database dialect: MySQLDialect
	Database version: 8.0.42
	Default catalog/schema: cementerios_db/undefined
	Autocommit mode: undefined/unknown
	Isolation level: REPEATABLE_READ [default REPEATABLE_READ]
	JDBC fetch size: none
	Pool: DataSourceConnectionProvider
	Minimum pool size: undefined/unknown
	Maximum pool size: undefined/unknown
2026-02-01T20:54:57.351+01:00  INFO 19612 --- [EternalsGardens] [  restartedMain] org.hibernate.orm.core                   : HHH000489: No JTA platform available (set 'hibernate.transaction.jta.platform' to enable JTA platform integration)
2026-02-01T20:54:57.445+01:00  INFO 19612 --- [EternalsGardens] [  restartedMain] j.LocalContainerEntityManagerFactoryBean : Initialized JPA EntityManagerFactory for persistence unit 'default'
2026-02-01T20:54:57.522+01:00  INFO 19612 --- [EternalsGardens] [  restartedMain] o.s.d.j.r.query.QueryEnhancerFactories   : Hibernate is in classpath; If applicable, HQL parser will be used.
2026-02-01T20:54:58.557+01:00  WARN 19612 --- [EternalsGardens] [  restartedMain] JpaBaseConfiguration$JpaWebConfiguration : spring.jpa.open-in-view is enabled by default. Therefore, database queries may be performed during view rendering. Explicitly configure spring.jpa.open-in-view to disable this warning
2026-02-01T20:54:58.646+01:00  INFO 19612 --- [EternalsGardens] [  restartedMain] r$InitializeUserDetailsManagerConfigurer : Global AuthenticationManager configured with UserDetailsService bean with name userDetailsServiceImpl
WARNING: A terminally deprecated method in sun.misc.Unsafe has been called
WARNING: sun.misc.Unsafe::staticFieldOffset has been called by org.modelmapper.internal.typetools.TypeResolver (file:/C:/Users/Izan/.m2/repository/org/modelmapper/modelmapper/3.2.0/modelmapper-3.2.0.jar)
WARNING: Please consider reporting this to the maintainers of class org.modelmapper.internal.typetools.TypeResolver
WARNING: sun.misc.Unsafe::staticFieldOffset will be removed in a future release
2026-02-01T20:55:00.612+01:00  WARN 19612 --- [EternalsGardens] [  restartedMain] ConfigServletWebServerApplicationContext : Exception encountered during context initialization - cancelling refresh attempt: org.springframework.context.ApplicationContextException: Failed to start bean 'webServerStartStop'
2026-02-01T20:55:00.617+01:00  INFO 19612 --- [EternalsGardens] [  restartedMain] j.LocalContainerEntityManagerFactoryBean : Closing JPA EntityManagerFactory for persistence unit 'default'
2026-02-01T20:55:00.620+01:00  INFO 19612 --- [EternalsGardens] [  restartedMain] com.zaxxer.hikari.HikariDataSource       : HikariPool-1 - Shutdown initiated...
2026-02-01T20:55:00.626+01:00  INFO 19612 --- [EternalsGardens] [  restartedMain] com.zaxxer.hikari.HikariDataSource       : HikariPool-1 - Shutdown completed.
2026-02-01T20:55:00.635+01:00  INFO 19612 --- [EternalsGardens] [  restartedMain] .s.b.a.l.ConditionEvaluationReportLogger : 

Error starting ApplicationContext. To display the condition evaluation report re-run your application with 'debug' enabled.
2026-02-01T20:55:00.650+01:00 ERROR 19612 --- [EternalsGardens] [  restartedMain] o.s.b.d.LoggingFailureAnalysisReporter   : 

***************************
APPLICATION FAILED TO START
***************************

Description:

Web server failed to start. Port 8080 was already in use.

Action:

Identify and stop the process that's listening on port 8080 or configure this application to listen on another port.

[INFO] ------------------------------------------------------------------------
[INFO] BUILD SUCCESS
[INFO] ------------------------------------------------------------------------
[INFO] Total time:  9.857 s
[INFO] Finished at: 2026-02-01T20:55:00+01:00
[INFO] ------------------------------------------------------------------------
